build/app/intermediates/manifest_merge_blame_file/debug/manifest-merger-blame-debug-report.txt
1<?xml version="1.0" encoding="utf-8"?>
2<manifest xmlns:android="http://schemas.android.com/apk/res/android"
3    package="com.example.ucms"
4    android:versionCode="1"
5    android:versionName="1.0.0" >
6
7    <uses-sdk
8        android:minSdkVersion="18"
9        android:targetSdkVersion="30" />
10    <!--
11         Flutter needs it to communicate with the running application
12         to allow setting breakpoints, to provide hot reload, etc.
13    -->
14    <uses-permission android:name="android.permission.INTERNET" />
14-->src/debug/AndroidManifest.xml:6:5-66
14-->src/debug/AndroidManifest.xml:6:22-64
15    <uses-permission android:name="android.permission.ACCESS_FINE_LOCATION" />
15-->src/main/AndroidManifest.xml:3:4-77
15-->src/main/AndroidManifest.xml:3:21-75
16    <uses-permission android:name="android.permission.ACCESS_BACKGROUND_LOCATION" />
16-->src/main/AndroidManifest.xml:4:4-84
16-->src/main/AndroidManifest.xml:4:21-81
17    <uses-permission android:name="android.permission.RECEIVE_BOOT_COMPLETED" />
17-->src/main/AndroidManifest.xml:5:4-79
17-->src/main/AndroidManifest.xml:5:21-77
18    <uses-permission android:name="android.permission.VIBRATE" />
18-->src/main/AndroidManifest.xml:6:4-65
18-->src/main/AndroidManifest.xml:6:21-62
19    <uses-permission android:name="android.permission.WAKE_LOCK" />
19-->src/main/AndroidManifest.xml:7:4-67
19-->src/main/AndroidManifest.xml:7:21-64
20    <uses-permission android:name="android.permission.USE_FULL_SCREEN_INTENT" />
20-->src/main/AndroidManifest.xml:8:4-80
20-->src/main/AndroidManifest.xml:8:21-77
21    <uses-permission
21-->src/main/AndroidManifest.xml:9:4-66
22        android:name="android.permission.BLUETOOTH"
22-->src/main/AndroidManifest.xml:9:21-64
23        android:required="false" />
23-->[org.altbeacon:android-beacon-library:2.16.4] AndroidManifest.xml:13:9-33
24    <uses-permission
24-->src/main/AndroidManifest.xml:10:4-72
25        android:name="android.permission.BLUETOOTH_ADMIN"
25-->src/main/AndroidManifest.xml:10:21-70
26        android:required="false" />
26-->[org.altbeacon:android-beacon-library:2.16.4] AndroidManifest.xml:16:9-33
27    <uses-permission android:name="android.permission.ACCESS_COARSE_LOCATION" />
27-->[:beacons_plugin] AndroidManifest.xml:10:5-81
27-->[:beacons_plugin] AndroidManifest.xml:10:22-78
28    <uses-permission android:name="android.permission.FOREGROUND_SERVICE" />
28-->[:beacons_plugin] AndroidManifest.xml:11:5-77
28-->[:beacons_plugin] AndroidManifest.xml:11:22-74
29
30    <uses-feature
30-->[:beacons_plugin] AndroidManifest.xml:15:5-17:35
31        android:name="android.hardware.bluetooth_le"
31-->[:beacons_plugin] AndroidManifest.xml:16:9-53
32        android:required="true" />
32-->[:beacons_plugin] AndroidManifest.xml:17:9-32
33
34    <uses-permission android:name="android.permission.SCHEDULE_EXACT_ALARM" />
34-->[:flutter_local_notifications] AndroidManifest.xml:10:5-79
34-->[:flutter_local_notifications] AndroidManifest.xml:10:22-76
35
36    <application
36-->src/main/AndroidManifest.xml:11:4-59:19
37        android:appComponentFactory="androidx.core.app.CoreComponentFactory"
37-->[androidx.core:core:1.3.0] AndroidManifest.xml:24:18-86
38        android:debuggable="true"
39        android:icon="@mipmap/launcher_icon"
39-->src/main/AndroidManifest.xml:13:9-45
40        android:label="ucms" >
40-->src/main/AndroidManifest.xml:12:9-29
41        <activity
41-->src/main/AndroidManifest.xml:14:9-44:20
42            android:name="com.example.ucms.MainActivity"
42-->src/main/AndroidManifest.xml:15:13-41
43            android:configChanges="orientation|keyboardHidden|keyboard|screenSize|smallestScreenSize|locale|layoutDirection|fontScale|screenLayout|density|uiMode"
43-->src/main/AndroidManifest.xml:18:13-163
44            android:hardwareAccelerated="true"
44-->src/main/AndroidManifest.xml:19:13-47
45            android:launchMode="singleTop"
45-->src/main/AndroidManifest.xml:16:13-43
46            android:showWhenLocked="true"
46-->src/main/AndroidManifest.xml:21:13-42
47            android:theme="@style/LaunchTheme"
47-->src/main/AndroidManifest.xml:17:13-47
48            android:turnScreenOn="true"
48-->src/main/AndroidManifest.xml:22:13-40
49            android:windowSoftInputMode="adjustResize" >
49-->src/main/AndroidManifest.xml:20:13-55
50
51            <!--
52                 Specifies an Android theme to apply to this Activity as soon as
53                 the Android process has started. This theme is visible to the user
54                 while the Flutter UI initializes. After that, this theme continues
55                 to determine the Window background behind the Flutter UI.
56            -->
57            <meta-data
57-->src/main/AndroidManifest.xml:27:13-30:17
58                android:name="io.flutter.embedding.android.NormalTheme"
58-->src/main/AndroidManifest.xml:28:15-70
59                android:resource="@style/NormalTheme" />
59-->src/main/AndroidManifest.xml:29:15-52
60            <!--
61                 Displays an Android View that continues showing the launch screen
62                 Drawable until Flutter paints its first frame, then this splash
63                 screen fades out. A splash screen is useful to avoid any visual
64                 gap between the end of Android's launch screen and the painting of
65                 Flutter's first frame.
66            -->
67            <meta-data
67-->src/main/AndroidManifest.xml:36:13-39:17
68                android:name="io.flutter.embedding.android.SplashScreenDrawable"
68-->src/main/AndroidManifest.xml:37:15-79
69                android:resource="@drawable/launch_background" />
69-->src/main/AndroidManifest.xml:38:15-61
70
71            <intent-filter>
71-->src/main/AndroidManifest.xml:40:13-43:29
72                <action android:name="android.intent.action.MAIN" />
72-->src/main/AndroidManifest.xml:41:17-68
72-->src/main/AndroidManifest.xml:41:25-66
73
74                <category android:name="android.intent.category.LAUNCHER" />
74-->src/main/AndroidManifest.xml:42:17-76
74-->src/main/AndroidManifest.xml:42:27-74
75            </intent-filter>
76        </activity>
77
78        <receiver
78-->src/main/AndroidManifest.xml:45:9-106
79            android:name="com.dexterous.flutterlocalnotifications.ScheduledNotificationReceiver"
79-->src/main/AndroidManifest.xml:45:19-103
80            android:exported="false" />
80-->[:flutter_local_notifications] AndroidManifest.xml:15:13-37
81        <receiver
81-->src/main/AndroidManifest.xml:46:9-53:20
82            android:name="com.dexterous.flutterlocalnotifications.ScheduledNotificationBootReceiver"
82-->src/main/AndroidManifest.xml:46:19-107
83            android:exported="false" >
83-->[:flutter_local_notifications] AndroidManifest.xml:18:13-37
84            <intent-filter>
84-->src/main/AndroidManifest.xml:47:13-52:29
85                <action android:name="android.intent.action.BOOT_COMPLETED" />
85-->src/main/AndroidManifest.xml:48:17-78
85-->src/main/AndroidManifest.xml:48:25-76
86                <action android:name="android.intent.action.MY_PACKAGE_REPLACED" />
86-->src/main/AndroidManifest.xml:49:17-83
86-->src/main/AndroidManifest.xml:49:25-81
87                <action android:name="android.intent.action.QUICKBOOT_POWERON" />
87-->src/main/AndroidManifest.xml:50:17-82
87-->src/main/AndroidManifest.xml:50:25-79
88                <action android:name="com.htc.intent.action.QUICKBOOT_POWERON" />
88-->src/main/AndroidManifest.xml:51:17-81
88-->src/main/AndroidManifest.xml:51:25-79
89            </intent-filter>
90        </receiver>
91        <!--
92             Don't delete the meta-data below.
93             This is used by the Flutter tool to generate GeneratedPluginRegistrant.java
94        -->
95        <meta-data
95-->src/main/AndroidManifest.xml:56:9-58:33
96            android:name="flutterEmbedding"
96-->src/main/AndroidManifest.xml:57:13-44
97            android:value="2" />
97-->src/main/AndroidManifest.xml:58:13-30
98
99        <receiver
99-->[:beacons_plugin] AndroidManifest.xml:20:9-23:39
100            android:name="com.umair.beacons_plugin.BeaconsBroadcastReceiver"
100-->[:beacons_plugin] AndroidManifest.xml:21:13-77
101            android:enabled="true"
101-->[:beacons_plugin] AndroidManifest.xml:22:13-35
102            android:exported="true" />
102-->[:beacons_plugin] AndroidManifest.xml:23:13-36
103        <receiver
103-->[:beacons_plugin] AndroidManifest.xml:24:9-30:20
104            android:name="com.umair.beacons_plugin.RebootBroadcastReceiver"
104-->[:beacons_plugin] AndroidManifest.xml:25:13-76
105            android:enabled="true" >
105-->[:beacons_plugin] AndroidManifest.xml:26:13-35
106            <intent-filter>
106-->[:beacons_plugin] AndroidManifest.xml:27:13-29:29
107                <action android:name="android.intent.action.BOOT_COMPLETED" />
107-->src/main/AndroidManifest.xml:48:17-78
107-->src/main/AndroidManifest.xml:48:25-76
108            </intent-filter>
109        </receiver>
110
111        <service
111-->[:beacons_plugin] AndroidManifest.xml:32:9-34:39
112            android:name="com.umair.beacons_plugin.BeaconsDiscoveryService"
112-->[:beacons_plugin] AndroidManifest.xml:33:13-76
113            android:exported="true" />
113-->[:beacons_plugin] AndroidManifest.xml:34:13-36
114        <service
114-->[:beacons_plugin] AndroidManifest.xml:35:9-39:38
115            android:name="org.altbeacon.beacon.service.BeaconService"
115-->[:beacons_plugin] AndroidManifest.xml:36:13-70
116            android:enabled="true"
116-->[:beacons_plugin] AndroidManifest.xml:37:13-35
117            android:exported="false"
117-->[org.altbeacon:android-beacon-library:2.16.4] AndroidManifest.xml:32:13-37
118            android:isolatedProcess="false"
118-->[:beacons_plugin] AndroidManifest.xml:38:13-44
119            android:label="beacon" />
119-->[:beacons_plugin] AndroidManifest.xml:39:13-35
120        <service
120-->[:beacons_plugin] AndroidManifest.xml:40:9-42:38
121            android:name="org.altbeacon.beacon.BeaconIntentProcessor"
121-->[:beacons_plugin] AndroidManifest.xml:41:13-70
122            android:enabled="true"
122-->[:beacons_plugin] AndroidManifest.xml:42:13-35
123            android:exported="false" />
123-->[org.altbeacon:android-beacon-library:2.16.4] AndroidManifest.xml:38:13-37
124
125        <receiver android:name="org.altbeacon.beacon.startup.StartupBroadcastReceiver" >
125-->[org.altbeacon:android-beacon-library:2.16.4] AndroidManifest.xml:21:9-27:20
125-->[org.altbeacon:android-beacon-library:2.16.4] AndroidManifest.xml:21:19-87
126            <intent-filter>
126-->[org.altbeacon:android-beacon-library:2.16.4] AndroidManifest.xml:22:13-26:29
127                <action android:name="android.intent.action.BOOT_COMPLETED" />
127-->src/main/AndroidManifest.xml:48:17-78
127-->src/main/AndroidManifest.xml:48:25-76
128                <action android:name="android.intent.action.ACTION_POWER_CONNECTED" />
128-->[org.altbeacon:android-beacon-library:2.16.4] AndroidManifest.xml:24:17-87
128-->[org.altbeacon:android-beacon-library:2.16.4] AndroidManifest.xml:24:25-84
129                <action android:name="android.intent.action.ACTION_POWER_DISCONNECTED" />
129-->[org.altbeacon:android-beacon-library:2.16.4] AndroidManifest.xml:25:17-90
129-->[org.altbeacon:android-beacon-library:2.16.4] AndroidManifest.xml:25:25-87
130            </intent-filter>
131        </receiver>
132
133        <service
133-->[org.altbeacon:android-beacon-library:2.16.4] AndroidManifest.xml:39:9-48:19
134            android:name="org.altbeacon.beacon.service.ScanJob"
134-->[org.altbeacon:android-beacon-library:2.16.4] AndroidManifest.xml:40:13-64
135            android:permission="android.permission.BIND_JOB_SERVICE" >
135-->[org.altbeacon:android-beacon-library:2.16.4] AndroidManifest.xml:41:13-69
136            <meta-data
136-->[org.altbeacon:android-beacon-library:2.16.4] AndroidManifest.xml:42:13-44:45
137                android:name="immediateScanJobId"
137-->[org.altbeacon:android-beacon-library:2.16.4] AndroidManifest.xml:43:17-50
138                android:value="208352939" />
138-->[org.altbeacon:android-beacon-library:2.16.4] AndroidManifest.xml:44:17-42
139            <meta-data
139-->[org.altbeacon:android-beacon-library:2.16.4] AndroidManifest.xml:45:13-47:45
140                android:name="periodicScanJobId"
140-->[org.altbeacon:android-beacon-library:2.16.4] AndroidManifest.xml:46:17-49
141                android:value="208352940" />
141-->[org.altbeacon:android-beacon-library:2.16.4] AndroidManifest.xml:47:17-42
142        </service>
143        <service
143-->[org.altbeacon:android-beacon-library:2.16.4] AndroidManifest.xml:49:9-55:19
144            android:name="org.altbeacon.bluetooth.BluetoothTestJob"
144-->[org.altbeacon:android-beacon-library:2.16.4] AndroidManifest.xml:50:13-68
145            android:permission="android.permission.BIND_JOB_SERVICE" >
145-->[org.altbeacon:android-beacon-library:2.16.4] AndroidManifest.xml:51:13-69
146            <meta-data
146-->[org.altbeacon:android-beacon-library:2.16.4] AndroidManifest.xml:52:13-54:46
147                android:name="jobId"
147-->[org.altbeacon:android-beacon-library:2.16.4] AndroidManifest.xml:53:17-37
148                android:value="1799803768" />
148-->[org.altbeacon:android-beacon-library:2.16.4] AndroidManifest.xml:54:17-43
149        </service>
150    </application>
151
152</manifest>